#! /c/Source/iverilog-install/bin/vvp
:ivl_version "12.0 (devel)" "(s20150603-1539-g2693dd32b)";
:ivl_delay_selection "TYPICAL";
:vpi_time_precision - 12;
:vpi_module "D:\AppDownload\iverilog\iverilog\lib\ivl\system.vpi";
:vpi_module "D:\AppDownload\iverilog\iverilog\lib\ivl\vhdl_sys.vpi";
:vpi_module "D:\AppDownload\iverilog\iverilog\lib\ivl\vhdl_textio.vpi";
:vpi_module "D:\AppDownload\iverilog\iverilog\lib\ivl\v2005_math.vpi";
:vpi_module "D:\AppDownload\iverilog\iverilog\lib\ivl\va_math.vpi";
S_000002d5fae84fa0 .scope module, "tb_non_stall_pipeline" "tb_non_stall_pipeline" 2 3;
 .timescale -9 -12;
P_000002d5fae98620 .param/l "WIDTH" 0 2 6, +C4<00000000000000000000000001100100>;
v000002d5fae62b30_0 .var "clk", 0 0;
v000002d5fae62bd0_0 .var "datain", 99 0;
v000002d5fae62c70_0 .net "dataout", 99 0, L_000002d5fad7b5e0;  1 drivers
S_000002d5fad7ae30 .scope module, "nsp" "non_stall_pipeline" 2 14, 3 1 0, S_000002d5fae84fa0;
 .timescale 0 0;
    .port_info 0 /INPUT 1 "clk";
    .port_info 1 /INPUT 100 "datain";
    .port_info 2 /OUTPUT 100 "dataout";
P_000002d5fae98360 .param/l "WIDTH" 0 3 7, +C4<00000000000000000000000001100100>;
L_000002d5fad7b5e0 .functor BUFZ 100, v000002d5fae62a90_0, C4<0000000000000000000000000000000000000000000000000000000000000000000000000000000000000000000000000000>, C4<0000000000000000000000000000000000000000000000000000000000000000000000000000000000000000000000000000>, C4<0000000000000000000000000000000000000000000000000000000000000000000000000000000000000000000000000000>;
v000002d5fad7bc90_0 .net "clk", 0 0, v000002d5fae62b30_0;  1 drivers
v000002d5fad7be70_0 .net "datain", 99 0, v000002d5fae62bd0_0;  1 drivers
v000002d5fad7bf10_0 .net "dataout", 99 0, L_000002d5fad7b5e0;  alias, 1 drivers
v000002d5fae852e0_0 .var "pipe1_data", 99 0;
v000002d5fae85380_0 .var "pipe2_data", 99 0;
v000002d5fae62a90_0 .var "pipe3_data", 99 0;
E_000002d5fae980e0 .event posedge, v000002d5fad7bc90_0;
    .scope S_000002d5fad7ae30;
T_0 ;
    %wait E_000002d5fae980e0;
    %load/vec4 v000002d5fad7be70_0;
    %assign/vec4 v000002d5fae852e0_0, 0;
    %jmp T_0;
    .thread T_0;
    .scope S_000002d5fad7ae30;
T_1 ;
    %wait E_000002d5fae980e0;
    %load/vec4 v000002d5fae852e0_0;
    %assign/vec4 v000002d5fae85380_0, 0;
    %jmp T_1;
    .thread T_1;
    .scope S_000002d5fad7ae30;
T_2 ;
    %wait E_000002d5fae980e0;
    %load/vec4 v000002d5fae85380_0;
    %assign/vec4 v000002d5fae62a90_0, 0;
    %jmp T_2;
    .thread T_2;
    .scope S_000002d5fae84fa0;
T_3 ;
    %delay 5000, 0;
    %load/vec4 v000002d5fae62b30_0;
    %inv;
    %store/vec4 v000002d5fae62b30_0, 0, 1;
    %jmp T_3;
    .thread T_3;
    .scope S_000002d5fae84fa0;
T_4 ;
    %vpi_call 2 26 "$dumpfile", "nsp.vcd" {0 0 0};
    %vpi_call 2 27 "$dumpvars", 32'sb00000000000000000000000000000000, S_000002d5fae84fa0 {0 0 0};
    %vpi_call 2 29 "$monitor", "Time = %0t | datain = %h | dataout = %h", $time, v000002d5fae62bd0_0, v000002d5fae62c70_0 {0 0 0};
    %pushi/vec4 0, 0, 1;
    %store/vec4 v000002d5fae62b30_0, 0, 1;
    %pushi/vec4 0, 0, 100;
    %store/vec4 v000002d5fae62bd0_0, 0, 100;
    %delay 10000, 0;
    %pushi/vec4 3735928559, 0, 32;
    %concati/vec4 3405691582, 0, 32;
    %concati/vec4 3735928559, 0, 32;
    %concati/vec4 0, 0, 4;
    %store/vec4 v000002d5fae62bd0_0, 0, 100;
    %delay 10000, 0;
    %pushi/vec4 0, 0, 100;
    %store/vec4 v000002d5fae62bd0_0, 0, 100;
    %delay 10000, 0;
    %pushi/vec4 4294967295, 0, 32;
    %concati/vec4 4294967295, 0, 32;
    %concati/vec4 4294967295, 0, 32;
    %concati/vec4 15, 0, 4;
    %store/vec4 v000002d5fae62bd0_0, 0, 100;
    %delay 10000, 0;
    %pushi/vec4 2443359172, 0, 35;
    %concati/vec4 3588683648, 0, 32;
    %concati/vec4 2443359172, 0, 32;
    %concati/vec4 1, 0, 1;
    %store/vec4 v000002d5fae62bd0_0, 0, 100;
    %delay 50000, 0;
    %vpi_call 2 38 "$finish" {0 0 0};
    %end;
    .thread T_4;
# The file index is used to find the file name in the following table.
:file_names 4;
    "N/A";
    "<interactive>";
    ".\tb_non_stall_pipeline.v";
    ".\non_stall_pipeline.v";
