#! /c/Source/iverilog-install/bin/vvp
:ivl_version "12.0 (devel)" "(s20150603-1539-g2693dd32b)";
:ivl_delay_selection "TYPICAL";
:vpi_time_precision - 12;
:vpi_module "D:\AppDownload\iverilog\iverilog\lib\ivl\system.vpi";
:vpi_module "D:\AppDownload\iverilog\iverilog\lib\ivl\vhdl_sys.vpi";
:vpi_module "D:\AppDownload\iverilog\iverilog\lib\ivl\vhdl_textio.vpi";
:vpi_module "D:\AppDownload\iverilog\iverilog\lib\ivl\v2005_math.vpi";
:vpi_module "D:\AppDownload\iverilog\iverilog\lib\ivl\va_math.vpi";
S_000002952527faf0 .scope module, "tb_stallable_pipeline" "tb_stallable_pipeline" 2 4;
 .timescale -9 -12;
P_000002952527f3f0 .param/l "WIDTH" 0 2 7, +C4<00000000000000000000000001100100>;
v00000295252e6370_0 .var "clk", 0 0;
v00000295252e8640_0 .var/i "counter", 31 0;
v00000295252e7740_0 .var "datain", 99 0;
v00000295252e76a0_0 .net "dataout", 99 0, L_0000029525290790;  1 drivers
v00000295252e8c80_0 .var "out_allow", 0 0;
v00000295252e83c0_0 .var "rst", 0 0;
v00000295252e7f60_0 .var "validin", 0 0;
v00000295252e8780_0 .net "validout", 0 0, L_0000029525290720;  1 drivers
S_0000029525280aa0 .scope module, "sp" "stallable_pipeline" 2 21, 3 3 0, S_000002952527faf0;
 .timescale 0 0;
    .port_info 0 /INPUT 1 "clk";
    .port_info 1 /INPUT 1 "rst";
    .port_info 2 /INPUT 1 "validin";
    .port_info 3 /INPUT 100 "datain";
    .port_info 4 /INPUT 1 "out_allow";
    .port_info 5 /OUTPUT 1 "validout";
    .port_info 6 /OUTPUT 100 "dataout";
P_000002952527f1b0 .param/l "WIDTH" 0 3 4, +C4<00000000000000000000000001100100>;
L_00000295252e90c8 .functor BUFT 1, C4<1>, C4<0>, C4<0>, C4<0>;
L_0000029525290410 .functor AND 1, L_00000295252e90c8, L_00000295252911a0, C4<1>, C4<1>;
L_0000029525291130 .functor OR 1, L_00000295252e86e0, L_0000029525290410, C4<0>, C4<0>;
L_0000029525290aa0 .functor AND 1, v00000295252e65f0_0, L_00000295252e90c8, C4<1>, C4<1>;
L_00000295252e9110 .functor BUFT 1, C4<1>, C4<0>, C4<0>, C4<0>;
L_0000029525290cd0 .functor AND 1, L_00000295252e9110, L_00000295252906b0, C4<1>, C4<1>;
L_00000295252911a0 .functor OR 1, L_00000295252e72e0, L_0000029525290cd0, C4<0>, C4<0>;
L_0000029525290b80 .functor AND 1, v00000295252e67d0_0, L_00000295252e9110, C4<1>, C4<1>;
L_00000295252e9158 .functor BUFT 1, C4<1>, C4<0>, C4<0>, C4<0>;
L_0000029525290f70 .functor AND 1, L_00000295252e9158, v00000295252e8c80_0, C4<1>, C4<1>;
L_00000295252906b0 .functor OR 1, L_00000295252e8460, L_0000029525290f70, C4<0>, C4<0>;
L_0000029525290720 .functor AND 1, v00000295252e6230_0, L_00000295252e9158, C4<1>, C4<1>;
L_0000029525290790 .functor BUFZ 100, v00000295252e6e10_0, C4<0000000000000000000000000000000000000000000000000000000000000000000000000000000000000000000000000000>, C4<0000000000000000000000000000000000000000000000000000000000000000000000000000000000000000000000000000>, C4<0000000000000000000000000000000000000000000000000000000000000000000000000000000000000000000000000000>;
v000002952527e7a0_0 .net *"_ivl_13", 0 0, L_00000295252e72e0;  1 drivers
v0000029525280c30_0 .net *"_ivl_15", 0 0, L_0000029525290cd0;  1 drivers
v000002952527ffd0_0 .net *"_ivl_23", 0 0, L_00000295252e8460;  1 drivers
v00000295252e6730_0 .net *"_ivl_25", 0 0, L_0000029525290f70;  1 drivers
v00000295252e6870_0 .net *"_ivl_3", 0 0, L_00000295252e86e0;  1 drivers
v00000295252e6910_0 .net *"_ivl_5", 0 0, L_0000029525290410;  1 drivers
v00000295252e6410_0 .net "clk", 0 0, v00000295252e6370_0;  1 drivers
v00000295252e6eb0_0 .net "datain", 99 0, v00000295252e7740_0;  1 drivers
v00000295252e64b0_0 .net "dataout", 99 0, L_0000029525290790;  alias, 1 drivers
v00000295252e6b90_0 .net "out_allow", 0 0, v00000295252e8c80_0;  1 drivers
v00000295252e6190_0 .net "pipe1_allowin", 0 0, L_0000029525291130;  1 drivers
v00000295252e69b0_0 .var "pipe1_data", 99 0;
v00000295252e6550_0 .net "pipe1_ready_go", 0 0, L_00000295252e90c8;  1 drivers
v00000295252e6c30_0 .net "pipe1_to_pipe2_valid", 0 0, L_0000029525290aa0;  1 drivers
v00000295252e65f0_0 .var "pipe1_valid", 0 0;
v00000295252e6690_0 .net "pipe2_allowin", 0 0, L_00000295252911a0;  1 drivers
v00000295252e6a50_0 .var "pipe2_data", 99 0;
v00000295252e6cd0_0 .net "pipe2_ready_go", 0 0, L_00000295252e9110;  1 drivers
v00000295252e6af0_0 .net "pipe2_to_pipe3_valid", 0 0, L_0000029525290b80;  1 drivers
v00000295252e67d0_0 .var "pipe2_valid", 0 0;
v00000295252e6d70_0 .net "pipe3_allowin", 0 0, L_00000295252906b0;  1 drivers
v00000295252e6e10_0 .var "pipe3_data", 99 0;
v00000295252e6f50_0 .net "pipe3_ready_go", 0 0, L_00000295252e9158;  1 drivers
v00000295252e6230_0 .var "pipe3_valid", 0 0;
v00000295252e6ff0_0 .net "rst", 0 0, v00000295252e83c0_0;  1 drivers
v00000295252e60f0_0 .net "validin", 0 0, v00000295252e7f60_0;  1 drivers
v00000295252e62d0_0 .net "validout", 0 0, L_0000029525290720;  alias, 1 drivers
E_000002952527edb0 .event posedge, v00000295252e6410_0;
L_00000295252e86e0 .reduce/nor v00000295252e65f0_0;
L_00000295252e72e0 .reduce/nor v00000295252e67d0_0;
L_00000295252e8460 .reduce/nor v00000295252e6230_0;
    .scope S_0000029525280aa0;
T_0 ;
    %wait E_000002952527edb0;
    %load/vec4 v00000295252e6ff0_0;
    %flag_set/vec4 8;
    %jmp/0xz  T_0.0, 8;
    %pushi/vec4 0, 0, 1;
    %assign/vec4 v00000295252e65f0_0, 0;
    %jmp T_0.1;
T_0.0 ;
    %load/vec4 v00000295252e6190_0;
    %flag_set/vec4 8;
    %jmp/0xz  T_0.2, 8;
    %load/vec4 v00000295252e60f0_0;
    %assign/vec4 v00000295252e65f0_0, 0;
T_0.2 ;
T_0.1 ;
    %load/vec4 v00000295252e60f0_0;
    %flag_set/vec4 9;
    %flag_get/vec4 9;
    %jmp/0 T_0.6, 9;
    %load/vec4 v00000295252e6190_0;
    %and;
T_0.6;
    %flag_set/vec4 8;
    %jmp/0xz  T_0.4, 8;
    %load/vec4 v00000295252e6eb0_0;
    %assign/vec4 v00000295252e69b0_0, 0;
T_0.4 ;
    %jmp T_0;
    .thread T_0;
    .scope S_0000029525280aa0;
T_1 ;
    %wait E_000002952527edb0;
    %load/vec4 v00000295252e6ff0_0;
    %flag_set/vec4 8;
    %jmp/0xz  T_1.0, 8;
    %pushi/vec4 0, 0, 1;
    %assign/vec4 v00000295252e67d0_0, 0;
    %jmp T_1.1;
T_1.0 ;
    %load/vec4 v00000295252e6690_0;
    %flag_set/vec4 8;
    %jmp/0xz  T_1.2, 8;
    %load/vec4 v00000295252e6c30_0;
    %assign/vec4 v00000295252e67d0_0, 0;
T_1.2 ;
T_1.1 ;
    %load/vec4 v00000295252e6c30_0;
    %flag_set/vec4 9;
    %flag_get/vec4 9;
    %jmp/0 T_1.6, 9;
    %load/vec4 v00000295252e6690_0;
    %and;
T_1.6;
    %flag_set/vec4 8;
    %jmp/0xz  T_1.4, 8;
    %load/vec4 v00000295252e69b0_0;
    %assign/vec4 v00000295252e6a50_0, 0;
T_1.4 ;
    %jmp T_1;
    .thread T_1;
    .scope S_0000029525280aa0;
T_2 ;
    %wait E_000002952527edb0;
    %load/vec4 v00000295252e6ff0_0;
    %flag_set/vec4 8;
    %jmp/0xz  T_2.0, 8;
    %pushi/vec4 0, 0, 1;
    %assign/vec4 v00000295252e6230_0, 0;
    %jmp T_2.1;
T_2.0 ;
    %load/vec4 v00000295252e6d70_0;
    %flag_set/vec4 8;
    %jmp/0xz  T_2.2, 8;
    %load/vec4 v00000295252e6af0_0;
    %assign/vec4 v00000295252e6230_0, 0;
T_2.2 ;
T_2.1 ;
    %load/vec4 v00000295252e6af0_0;
    %flag_set/vec4 9;
    %flag_get/vec4 9;
    %jmp/0 T_2.6, 9;
    %load/vec4 v00000295252e6d70_0;
    %and;
T_2.6;
    %flag_set/vec4 8;
    %jmp/0xz  T_2.4, 8;
    %load/vec4 v00000295252e6a50_0;
    %assign/vec4 v00000295252e6e10_0, 0;
T_2.4 ;
    %jmp T_2;
    .thread T_2;
    .scope S_000002952527faf0;
T_3 ;
    %pushi/vec4 0, 0, 32;
    %store/vec4 v00000295252e8640_0, 0, 32;
    %end;
    .thread T_3;
    .scope S_000002952527faf0;
T_4 ;
T_4.0 ;
    %delay 5000, 0;
    %load/vec4 v00000295252e6370_0;
    %inv;
    %store/vec4 v00000295252e6370_0, 0, 1;
    %jmp T_4.0;
    %load/vec4 v00000295252e6370_0;
    %pad/u 32;
    %cmpi/e 1, 0, 32;
    %jmp/0xz  T_4.1, 4;
    %load/vec4 v00000295252e8640_0;
    %addi 1, 0, 32;
    %store/vec4 v00000295252e8640_0, 0, 32;
T_4.1 ;
    %jmp T_4;
    .thread T_4;
    .scope S_000002952527faf0;
T_5 ;
    %pushi/vec4 0, 0, 1;
    %store/vec4 v00000295252e6370_0, 0, 1;
    %pushi/vec4 1, 0, 1;
    %store/vec4 v00000295252e83c0_0, 0, 1;
    %pushi/vec4 0, 0, 1;
    %store/vec4 v00000295252e7f60_0, 0, 1;
    %pushi/vec4 0, 0, 100;
    %store/vec4 v00000295252e7740_0, 0, 100;
    %pushi/vec4 1, 0, 1;
    %store/vec4 v00000295252e8c80_0, 0, 1;
    %vpi_call 2 50 "$dumpfile", "sp.vcd" {0 0 0};
    %vpi_call 2 51 "$dumpvars", 32'sb00000000000000000000000000000000, S_000002952527faf0 {0 0 0};
    %delay 10000, 0;
    %pushi/vec4 0, 0, 1;
    %store/vec4 v00000295252e83c0_0, 0, 1;
    %pushi/vec4 4294967295, 0, 32;
    %concati/vec4 4294967295, 0, 32;
    %concati/vec4 4294967295, 0, 32;
    %concati/vec4 15, 0, 4;
    %store/vec4 v00000295252e7740_0, 0, 100;
    %pushi/vec4 1, 0, 1;
    %store/vec4 v00000295252e7f60_0, 0, 1;
    %delay 10000, 0;
    %pushi/vec4 0, 0, 1;
    %store/vec4 v00000295252e7f60_0, 0, 1;
    %delay 40000, 0;
    %vpi_call 2 69 "$display", "Blocking output by setting out_allow = 0" {0 0 0};
    %pushi/vec4 3405691582, 0, 100;
    %store/vec4 v00000295252e7740_0, 0, 100;
    %pushi/vec4 1, 0, 1;
    %store/vec4 v00000295252e7f60_0, 0, 1;
    %delay 10000, 0;
    %pushi/vec4 0, 0, 1;
    %store/vec4 v00000295252e7f60_0, 0, 1;
    %pushi/vec4 0, 0, 1;
    %store/vec4 v00000295252e8c80_0, 0, 1;
    %delay 40000, 0;
    %vpi_call 2 80 "$display", "Resuming output by setting out_allow = 1" {0 0 0};
    %pushi/vec4 1, 0, 1;
    %store/vec4 v00000295252e8c80_0, 0, 1;
    %delay 40000, 0;
    %vpi_call 2 87 "$display", "Asserting reset..." {0 0 0};
    %pushi/vec4 1, 0, 1;
    %store/vec4 v00000295252e83c0_0, 0, 1;
    %delay 20000, 0;
    %pushi/vec4 0, 0, 1;
    %store/vec4 v00000295252e83c0_0, 0, 1;
    %delay 50000, 0;
    %vpi_call 2 92 "$finish" {0 0 0};
    %end;
    .thread T_5;
# The file index is used to find the file name in the following table.
:file_names 4;
    "N/A";
    "<interactive>";
    ".\tb_stallable_pipeline.v";
    ".\stallable_pipeline.v";
