#! /c/Source/iverilog-install/bin/vvp
:ivl_version "12.0 (devel)" "(s20150603-1539-g2693dd32b)";
:ivl_delay_selection "TYPICAL";
:vpi_time_precision - 12;
:vpi_module "D:\AppDownload\iverilog\iverilog\lib\ivl\system.vpi";
:vpi_module "D:\AppDownload\iverilog\iverilog\lib\ivl\vhdl_sys.vpi";
:vpi_module "D:\AppDownload\iverilog\iverilog\lib\ivl\vhdl_textio.vpi";
:vpi_module "D:\AppDownload\iverilog\iverilog\lib\ivl\v2005_math.vpi";
:vpi_module "D:\AppDownload\iverilog\iverilog\lib\ivl\va_math.vpi";
S_000001cab4f100b0 .scope module, "tb_stallable_pipeline" "tb_stallable_pipeline" 2 4;
 .timescale -9 -12;
P_000001cab4f0d9b0 .param/l "WIDTH" 0 2 7, +C4<00000000000000000000000001100100>;
v000001cab4f7f5c0_0 .var "clk", 0 0;
v000001cab4f7eda0_0 .var/i "counter", 31 0;
v000001cab4f7dcc0_0 .var "datain", 99 0;
v000001cab4f7da40_0 .net "dataout", 99 0, L_000001cab4f0c230;  1 drivers
v000001cab4f7dc20_0 .var "out_allow", 0 0;
v000001cab4f7e260_0 .var "rst", 0 0;
v000001cab4f7eee0_0 .var "validin", 0 0;
v000001cab4f7ef80_0 .net "validout", 0 0, L_000001cab4f0c3f0;  1 drivers
S_000001cab4f0f5e0 .scope module, "sp" "stallable_pipeline" 2 21, 3 3 0, S_000001cab4f100b0;
 .timescale 0 0;
    .port_info 0 /INPUT 1 "clk";
    .port_info 1 /INPUT 1 "rst";
    .port_info 2 /INPUT 1 "validin";
    .port_info 3 /INPUT 100 "datain";
    .port_info 4 /INPUT 1 "out_allow";
    .port_info 5 /OUTPUT 1 "validout";
    .port_info 6 /OUTPUT 100 "dataout";
P_000001cab4f0d670 .param/l "WIDTH" 0 3 4, +C4<00000000000000000000000001100100>;
L_000001cab4f7fad8 .functor BUFT 1, C4<1>, C4<0>, C4<0>, C4<0>;
L_000001cab4f0c2a0 .functor AND 1, L_000001cab4f7fad8, L_000001cab4f0cc40, C4<1>, C4<1>;
L_000001cab4f0be40 .functor OR 1, L_000001cab4f7e4e0, L_000001cab4f0c2a0, C4<0>, C4<0>;
L_000001cab4f0ca10 .functor AND 1, v000001cab4f0a9c0_0, L_000001cab4f7fad8, C4<1>, C4<1>;
L_000001cab4f7fb20 .functor BUFT 1, C4<1>, C4<0>, C4<0>, C4<0>;
L_000001cab4f0caf0 .functor AND 1, L_000001cab4f7fb20, L_000001cab4f0cbd0, C4<1>, C4<1>;
L_000001cab4f0cc40 .functor OR 1, L_000001cab4f7f480, L_000001cab4f0caf0, C4<0>, C4<0>;
L_000001cab4f0c690 .functor AND 1, v000001cab4f0a740_0, L_000001cab4f7fb20, C4<1>, C4<1>;
L_000001cab4f7fb68 .functor BUFT 1, C4<1>, C4<0>, C4<0>, C4<0>;
L_000001cab4f0beb0 .functor AND 1, L_000001cab4f7fb68, L_000001cab4f0c540, C4<1>, C4<1>;
L_000001cab4f0cbd0 .functor OR 1, L_000001cab4f7dea0, L_000001cab4f0beb0, C4<0>, C4<0>;
L_000001cab4f0c8c0 .functor AND 1, v000001cab4f7e800_0, L_000001cab4f7fb68, C4<1>, C4<1>;
L_000001cab4f7fbb0 .functor BUFT 1, C4<1>, C4<0>, C4<0>, C4<0>;
L_000001cab4f0c4d0 .functor AND 1, L_000001cab4f7fbb0, v000001cab4f7dc20_0, C4<1>, C4<1>;
L_000001cab4f0c540 .functor OR 1, L_000001cab4f7dd60, L_000001cab4f0c4d0, C4<0>, C4<0>;
L_000001cab4f0c3f0 .functor AND 1, v000001cab4f7d9a0_0, L_000001cab4f7fbb0, C4<1>, C4<1>;
L_000001cab4f0c230 .functor BUFZ 100, v000001cab4f7f520_0, C4<0000000000000000000000000000000000000000000000000000000000000000000000000000000000000000000000000000>, C4<0000000000000000000000000000000000000000000000000000000000000000000000000000000000000000000000000000>, C4<0000000000000000000000000000000000000000000000000000000000000000000000000000000000000000000000000000>;
v000001cab4f0a240_0 .net *"_ivl_13", 0 0, L_000001cab4f7f480;  1 drivers
v000001cab4f0aba0_0 .net *"_ivl_15", 0 0, L_000001cab4f0caf0;  1 drivers
v000001cab4f0ab00_0 .net *"_ivl_23", 0 0, L_000001cab4f7dea0;  1 drivers
v000001cab4f0a2e0_0 .net *"_ivl_25", 0 0, L_000001cab4f0beb0;  1 drivers
v000001cab4f09d40_0 .net *"_ivl_3", 0 0, L_000001cab4f7e4e0;  1 drivers
v000001cab4f0aa60_0 .net *"_ivl_33", 0 0, L_000001cab4f7dd60;  1 drivers
v000001cab4f0a7e0_0 .net *"_ivl_35", 0 0, L_000001cab4f0c4d0;  1 drivers
v000001cab4f0ac40_0 .net *"_ivl_5", 0 0, L_000001cab4f0c2a0;  1 drivers
v000001cab4f0a600_0 .net "clk", 0 0, v000001cab4f7f5c0_0;  1 drivers
v000001cab4f0a560_0 .net "datain", 99 0, v000001cab4f7dcc0_0;  1 drivers
v000001cab4f09e80_0 .net "dataout", 99 0, L_000001cab4f0c230;  alias, 1 drivers
v000001cab4f0a880_0 .net "out_allow", 0 0, v000001cab4f7dc20_0;  1 drivers
v000001cab4f09de0_0 .net "pipe1_allowin", 0 0, L_000001cab4f0be40;  1 drivers
v000001cab4f09f20_0 .var "pipe1_data", 99 0;
v000001cab4f09fc0_0 .net "pipe1_ready_go", 0 0, L_000001cab4f7fad8;  1 drivers
v000001cab4f0a060_0 .net "pipe1_to_pipe2_valid", 0 0, L_000001cab4f0ca10;  1 drivers
v000001cab4f0a9c0_0 .var "pipe1_valid", 0 0;
v000001cab4f0a100_0 .net "pipe2_allowin", 0 0, L_000001cab4f0cc40;  1 drivers
v000001cab4f0a4c0_0 .var "pipe2_data", 99 0;
v000001cab4f0a380_0 .net "pipe2_ready_go", 0 0, L_000001cab4f7fb20;  1 drivers
v000001cab4f0a420_0 .net "pipe2_to_pipe3_valid", 0 0, L_000001cab4f0c690;  1 drivers
v000001cab4f0a740_0 .var "pipe2_valid", 0 0;
v000001cab4f0a920_0 .net "pipe3_allowin", 0 0, L_000001cab4f0cbd0;  1 drivers
v000001cab4f0a6a0_0 .var "pipe3_data", 99 0;
v000001cab4f7e1c0_0 .net "pipe3_ready_go", 0 0, L_000001cab4f7fb68;  1 drivers
v000001cab4f7db80_0 .net "pipe3_to_pipe4_valid", 0 0, L_000001cab4f0c8c0;  1 drivers
v000001cab4f7e800_0 .var "pipe3_valid", 0 0;
v000001cab4f7de00_0 .net "pipe4_allowin", 0 0, L_000001cab4f0c540;  1 drivers
v000001cab4f7f520_0 .var "pipe4_data", 99 0;
v000001cab4f7dae0_0 .net "pipe4_ready_go", 0 0, L_000001cab4f7fbb0;  1 drivers
v000001cab4f7d9a0_0 .var "pipe4_valid", 0 0;
v000001cab4f7e8a0_0 .net "rst", 0 0, v000001cab4f7e260_0;  1 drivers
v000001cab4f7ed00_0 .net "validin", 0 0, v000001cab4f7eee0_0;  1 drivers
v000001cab4f7f2a0_0 .net "validout", 0 0, L_000001cab4f0c3f0;  alias, 1 drivers
E_000001cab4f0da30 .event posedge, v000001cab4f0a600_0;
L_000001cab4f7e4e0 .reduce/nor v000001cab4f0a9c0_0;
L_000001cab4f7f480 .reduce/nor v000001cab4f0a740_0;
L_000001cab4f7dea0 .reduce/nor v000001cab4f7e800_0;
L_000001cab4f7dd60 .reduce/nor v000001cab4f7d9a0_0;
    .scope S_000001cab4f0f5e0;
T_0 ;
    %wait E_000001cab4f0da30;
    %load/vec4 v000001cab4f7e8a0_0;
    %flag_set/vec4 8;
    %jmp/0xz  T_0.0, 8;
    %pushi/vec4 0, 0, 1;
    %assign/vec4 v000001cab4f0a9c0_0, 0;
    %jmp T_0.1;
T_0.0 ;
    %load/vec4 v000001cab4f09de0_0;
    %flag_set/vec4 8;
    %jmp/0xz  T_0.2, 8;
    %load/vec4 v000001cab4f7ed00_0;
    %assign/vec4 v000001cab4f0a9c0_0, 0;
T_0.2 ;
T_0.1 ;
    %load/vec4 v000001cab4f7ed00_0;
    %flag_set/vec4 9;
    %flag_get/vec4 9;
    %jmp/0 T_0.6, 9;
    %load/vec4 v000001cab4f09de0_0;
    %and;
T_0.6;
    %flag_set/vec4 8;
    %jmp/0xz  T_0.4, 8;
    %load/vec4 v000001cab4f0a560_0;
    %assign/vec4 v000001cab4f09f20_0, 0;
T_0.4 ;
    %jmp T_0;
    .thread T_0;
    .scope S_000001cab4f0f5e0;
T_1 ;
    %wait E_000001cab4f0da30;
    %load/vec4 v000001cab4f7e8a0_0;
    %flag_set/vec4 8;
    %jmp/0xz  T_1.0, 8;
    %pushi/vec4 0, 0, 1;
    %assign/vec4 v000001cab4f0a740_0, 0;
    %jmp T_1.1;
T_1.0 ;
    %load/vec4 v000001cab4f0a100_0;
    %flag_set/vec4 8;
    %jmp/0xz  T_1.2, 8;
    %load/vec4 v000001cab4f0a060_0;
    %assign/vec4 v000001cab4f0a740_0, 0;
T_1.2 ;
T_1.1 ;
    %load/vec4 v000001cab4f0a060_0;
    %flag_set/vec4 9;
    %flag_get/vec4 9;
    %jmp/0 T_1.6, 9;
    %load/vec4 v000001cab4f0a100_0;
    %and;
T_1.6;
    %flag_set/vec4 8;
    %jmp/0xz  T_1.4, 8;
    %load/vec4 v000001cab4f09f20_0;
    %assign/vec4 v000001cab4f0a4c0_0, 0;
T_1.4 ;
    %jmp T_1;
    .thread T_1;
    .scope S_000001cab4f0f5e0;
T_2 ;
    %wait E_000001cab4f0da30;
    %load/vec4 v000001cab4f7e8a0_0;
    %flag_set/vec4 8;
    %jmp/0xz  T_2.0, 8;
    %pushi/vec4 0, 0, 1;
    %assign/vec4 v000001cab4f7e800_0, 0;
    %jmp T_2.1;
T_2.0 ;
    %load/vec4 v000001cab4f0a920_0;
    %flag_set/vec4 8;
    %jmp/0xz  T_2.2, 8;
    %load/vec4 v000001cab4f0a420_0;
    %assign/vec4 v000001cab4f7e800_0, 0;
T_2.2 ;
T_2.1 ;
    %load/vec4 v000001cab4f0a420_0;
    %flag_set/vec4 9;
    %flag_get/vec4 9;
    %jmp/0 T_2.6, 9;
    %load/vec4 v000001cab4f0a920_0;
    %and;
T_2.6;
    %flag_set/vec4 8;
    %jmp/0xz  T_2.4, 8;
    %load/vec4 v000001cab4f0a4c0_0;
    %assign/vec4 v000001cab4f0a6a0_0, 0;
T_2.4 ;
    %jmp T_2;
    .thread T_2;
    .scope S_000001cab4f0f5e0;
T_3 ;
    %wait E_000001cab4f0da30;
    %load/vec4 v000001cab4f7e8a0_0;
    %flag_set/vec4 8;
    %jmp/0xz  T_3.0, 8;
    %pushi/vec4 0, 0, 1;
    %assign/vec4 v000001cab4f7d9a0_0, 0;
    %jmp T_3.1;
T_3.0 ;
    %load/vec4 v000001cab4f7de00_0;
    %flag_set/vec4 8;
    %jmp/0xz  T_3.2, 8;
    %load/vec4 v000001cab4f7db80_0;
    %assign/vec4 v000001cab4f7d9a0_0, 0;
T_3.2 ;
T_3.1 ;
    %load/vec4 v000001cab4f7db80_0;
    %flag_set/vec4 9;
    %flag_get/vec4 9;
    %jmp/0 T_3.6, 9;
    %load/vec4 v000001cab4f7de00_0;
    %and;
T_3.6;
    %flag_set/vec4 8;
    %jmp/0xz  T_3.4, 8;
    %load/vec4 v000001cab4f0a6a0_0;
    %assign/vec4 v000001cab4f7f520_0, 0;
T_3.4 ;
    %jmp T_3;
    .thread T_3;
    .scope S_000001cab4f100b0;
T_4 ;
    %pushi/vec4 0, 0, 32;
    %store/vec4 v000001cab4f7eda0_0, 0, 32;
    %end;
    .thread T_4;
    .scope S_000001cab4f100b0;
T_5 ;
T_5.0 ;
    %delay 5000, 0;
    %load/vec4 v000001cab4f7f5c0_0;
    %inv;
    %store/vec4 v000001cab4f7f5c0_0, 0, 1;
    %jmp T_5.0;
    %load/vec4 v000001cab4f7f5c0_0;
    %pad/u 32;
    %cmpi/e 1, 0, 32;
    %jmp/0xz  T_5.1, 4;
    %load/vec4 v000001cab4f7eda0_0;
    %addi 1, 0, 32;
    %store/vec4 v000001cab4f7eda0_0, 0, 32;
T_5.1 ;
    %jmp T_5;
    .thread T_5;
    .scope S_000001cab4f100b0;
T_6 ;
    %pushi/vec4 0, 0, 1;
    %store/vec4 v000001cab4f7f5c0_0, 0, 1;
    %pushi/vec4 1, 0, 1;
    %store/vec4 v000001cab4f7e260_0, 0, 1;
    %pushi/vec4 0, 0, 1;
    %store/vec4 v000001cab4f7eee0_0, 0, 1;
    %pushi/vec4 0, 0, 100;
    %store/vec4 v000001cab4f7dcc0_0, 0, 100;
    %pushi/vec4 1, 0, 1;
    %store/vec4 v000001cab4f7dc20_0, 0, 1;
    %vpi_call 2 50 "$dumpfile", "sp.vcd" {0 0 0};
    %vpi_call 2 51 "$dumpvars", 32'sb00000000000000000000000000000000, S_000001cab4f100b0 {0 0 0};
    %delay 10000, 0;
    %pushi/vec4 0, 0, 1;
    %store/vec4 v000001cab4f7e260_0, 0, 1;
    %pushi/vec4 4294967295, 0, 32;
    %concati/vec4 4294967295, 0, 32;
    %concati/vec4 4294967295, 0, 32;
    %concati/vec4 15, 0, 4;
    %store/vec4 v000001cab4f7dcc0_0, 0, 100;
    %pushi/vec4 1, 0, 1;
    %store/vec4 v000001cab4f7eee0_0, 0, 1;
    %delay 10000, 0;
    %pushi/vec4 0, 0, 1;
    %store/vec4 v000001cab4f7eee0_0, 0, 1;
    %delay 40000, 0;
    %vpi_call 2 69 "$display", "Blocking output by setting out_allow = 0" {0 0 0};
    %pushi/vec4 3405691582, 0, 100;
    %store/vec4 v000001cab4f7dcc0_0, 0, 100;
    %pushi/vec4 1, 0, 1;
    %store/vec4 v000001cab4f7eee0_0, 0, 1;
    %delay 10000, 0;
    %pushi/vec4 0, 0, 1;
    %store/vec4 v000001cab4f7eee0_0, 0, 1;
    %pushi/vec4 0, 0, 1;
    %store/vec4 v000001cab4f7dc20_0, 0, 1;
    %delay 40000, 0;
    %vpi_call 2 80 "$display", "Resuming output by setting out_allow = 1" {0 0 0};
    %pushi/vec4 1, 0, 1;
    %store/vec4 v000001cab4f7dc20_0, 0, 1;
    %delay 40000, 0;
    %vpi_call 2 87 "$display", "Asserting reset..." {0 0 0};
    %pushi/vec4 1, 0, 1;
    %store/vec4 v000001cab4f7e260_0, 0, 1;
    %delay 20000, 0;
    %pushi/vec4 0, 0, 1;
    %store/vec4 v000001cab4f7e260_0, 0, 1;
    %delay 50000, 0;
    %vpi_call 2 92 "$finish" {0 0 0};
    %end;
    .thread T_6;
# The file index is used to find the file name in the following table.
:file_names 4;
    "N/A";
    "<interactive>";
    ".\tb_stallable_pipeline.v";
    ".\stallable_pipeline.v";
