#! /c/Source/iverilog-install/bin/vvp
:ivl_version "12.0 (devel)" "(s20150603-1539-g2693dd32b)";
:ivl_delay_selection "TYPICAL";
:vpi_time_precision - 12;
:vpi_module "D:\AppDownload\iverilog\iverilog\lib\ivl\system.vpi";
:vpi_module "D:\AppDownload\iverilog\iverilog\lib\ivl\vhdl_sys.vpi";
:vpi_module "D:\AppDownload\iverilog\iverilog\lib\ivl\vhdl_textio.vpi";
:vpi_module "D:\AppDownload\iverilog\iverilog\lib\ivl\v2005_math.vpi";
:vpi_module "D:\AppDownload\iverilog\iverilog\lib\ivl\va_math.vpi";
S_000001d1e5c3e0d0 .scope module, "tb_stallable_pipeline" "tb_stallable_pipeline" 2 4;
 .timescale -9 -12;
P_000001d1e5c3e6c0 .param/l "WIDTH" 0 2 7, +C4<00000000000000000000000001100100>;
v000001d1e5ca6d60_0 .var "clk", 0 0;
v000001d1e5ca72d0_0 .var/i "counter", 31 0;
v000001d1e5ca7e10_0 .var "datain", 99 0;
v000001d1e5ca7ff0_0 .net "dataout", 99 0, L_000001d1e5c50950;  1 drivers
v000001d1e5ca8450_0 .var "out_allow", 0 0;
v000001d1e5ca8ef0_0 .var "rst", 0 0;
v000001d1e5ca8630_0 .var "validin", 0 0;
v000001d1e5ca8770_0 .net "validout", 0 0, L_000001d1e5c50e90;  1 drivers
S_000001d1e5c40110 .scope module, "sp" "stallable_pipeline" 2 21, 3 3 0, S_000001d1e5c3e0d0;
 .timescale 0 0;
    .port_info 0 /INPUT 1 "clk";
    .port_info 1 /INPUT 1 "rst";
    .port_info 2 /INPUT 1 "validin";
    .port_info 3 /INPUT 100 "datain";
    .port_info 4 /INPUT 1 "out_allow";
    .port_info 5 /OUTPUT 1 "validout";
    .port_info 6 /OUTPUT 100 "dataout";
P_000001d1e5c3ea40 .param/l "WIDTH" 0 3 4, +C4<00000000000000000000000001100100>;
L_000001d1e5ca90b8 .functor BUFT 1, C4<1>, C4<0>, C4<0>, C4<0>;
L_000001d1e5c512f0 .functor AND 1, L_000001d1e5ca90b8, L_000001d1e5c508e0, C4<1>, C4<1>;
L_000001d1e5c50410 .functor OR 1, L_000001d1e5ca7910, L_000001d1e5c512f0, C4<0>, C4<0>;
L_000001d1e5c50870 .functor AND 1, v000001d1e5ca6a40_0, L_000001d1e5ca90b8, C4<1>, C4<1>;
L_000001d1e5ca9100 .functor BUFT 1, C4<1>, C4<0>, C4<0>, C4<0>;
L_000001d1e5c50800 .functor AND 1, L_000001d1e5ca9100, L_000001d1e5c505d0, C4<1>, C4<1>;
L_000001d1e5c508e0 .functor OR 1, L_000001d1e5ca75f0, L_000001d1e5c50800, C4<0>, C4<0>;
L_000001d1e5c50480 .functor AND 1, v000001d1e5ca65e0_0, L_000001d1e5ca9100, C4<1>, C4<1>;
L_000001d1e5ca9148 .functor BUFT 1, C4<1>, C4<0>, C4<0>, C4<0>;
L_000001d1e5c50560 .functor AND 1, L_000001d1e5ca9148, v000001d1e5ca8450_0, C4<1>, C4<1>;
L_000001d1e5c505d0 .functor OR 1, L_000001d1e5ca8310, L_000001d1e5c50560, C4<0>, C4<0>;
L_000001d1e5c50e90 .functor AND 1, v000001d1e5ca6860_0, L_000001d1e5ca9148, C4<1>, C4<1>;
L_000001d1e5c50950 .functor BUFZ 100, v000001d1e5ca67c0_0, C4<0000000000000000000000000000000000000000000000000000000000000000000000000000000000000000000000000000>, C4<0000000000000000000000000000000000000000000000000000000000000000000000000000000000000000000000000000>, C4<0000000000000000000000000000000000000000000000000000000000000000000000000000000000000000000000000000>;
v000001d1e5c12ac0_0 .net *"_ivl_13", 0 0, L_000001d1e5ca75f0;  1 drivers
v000001d1e5c3dd90_0 .net *"_ivl_15", 0 0, L_000001d1e5c50800;  1 drivers
v000001d1e5c402a0_0 .net *"_ivl_23", 0 0, L_000001d1e5ca8310;  1 drivers
v000001d1e5ca62c0_0 .net *"_ivl_25", 0 0, L_000001d1e5c50560;  1 drivers
v000001d1e5ca6ea0_0 .net *"_ivl_3", 0 0, L_000001d1e5ca7910;  1 drivers
v000001d1e5ca6540_0 .net *"_ivl_5", 0 0, L_000001d1e5c512f0;  1 drivers
v000001d1e5ca6360_0 .net "clk", 0 0, v000001d1e5ca6d60_0;  1 drivers
v000001d1e5ca6220_0 .net "datain", 99 0, v000001d1e5ca7e10_0;  1 drivers
v000001d1e5ca6c20_0 .net "dataout", 99 0, L_000001d1e5c50950;  alias, 1 drivers
v000001d1e5ca6cc0_0 .net "out_allow", 0 0, v000001d1e5ca8450_0;  1 drivers
v000001d1e5ca6720_0 .net "pipe1_allowin", 0 0, L_000001d1e5c50410;  1 drivers
v000001d1e5ca6fe0_0 .var "pipe1_data", 99 0;
v000001d1e5ca6900_0 .net "pipe1_ready_go", 0 0, L_000001d1e5ca90b8;  1 drivers
v000001d1e5ca60e0_0 .net "pipe1_to_pipe2_valid", 0 0, L_000001d1e5c50870;  1 drivers
v000001d1e5ca6a40_0 .var "pipe1_valid", 0 0;
v000001d1e5ca64a0_0 .net "pipe2_allowin", 0 0, L_000001d1e5c508e0;  1 drivers
v000001d1e5ca69a0_0 .var "pipe2_data", 99 0;
v000001d1e5ca6400_0 .net "pipe2_ready_go", 0 0, L_000001d1e5ca9100;  1 drivers
v000001d1e5ca6180_0 .net "pipe2_to_pipe3_valid", 0 0, L_000001d1e5c50480;  1 drivers
v000001d1e5ca65e0_0 .var "pipe2_valid", 0 0;
v000001d1e5ca6680_0 .net "pipe3_allowin", 0 0, L_000001d1e5c505d0;  1 drivers
v000001d1e5ca67c0_0 .var "pipe3_data", 99 0;
v000001d1e5ca6f40_0 .net "pipe3_ready_go", 0 0, L_000001d1e5ca9148;  1 drivers
v000001d1e5ca6860_0 .var "pipe3_valid", 0 0;
v000001d1e5ca6e00_0 .net "rst", 0 0, v000001d1e5ca8ef0_0;  1 drivers
v000001d1e5ca6ae0_0 .net "validin", 0 0, v000001d1e5ca8630_0;  1 drivers
v000001d1e5ca6b80_0 .net "validout", 0 0, L_000001d1e5c50e90;  alias, 1 drivers
E_000001d1e5c3e9c0 .event posedge, v000001d1e5ca6360_0;
L_000001d1e5ca7910 .reduce/nor v000001d1e5ca6a40_0;
L_000001d1e5ca75f0 .reduce/nor v000001d1e5ca65e0_0;
L_000001d1e5ca8310 .reduce/nor v000001d1e5ca6860_0;
    .scope S_000001d1e5c40110;
T_0 ;
    %wait E_000001d1e5c3e9c0;
    %load/vec4 v000001d1e5ca6e00_0;
    %flag_set/vec4 8;
    %jmp/0xz  T_0.0, 8;
    %pushi/vec4 0, 0, 1;
    %assign/vec4 v000001d1e5ca6a40_0, 0;
    %jmp T_0.1;
T_0.0 ;
    %load/vec4 v000001d1e5ca6720_0;
    %flag_set/vec4 8;
    %jmp/0xz  T_0.2, 8;
    %load/vec4 v000001d1e5ca6ae0_0;
    %assign/vec4 v000001d1e5ca6a40_0, 0;
T_0.2 ;
T_0.1 ;
    %load/vec4 v000001d1e5ca6ae0_0;
    %flag_set/vec4 9;
    %flag_get/vec4 9;
    %jmp/0 T_0.6, 9;
    %load/vec4 v000001d1e5ca6720_0;
    %and;
T_0.6;
    %flag_set/vec4 8;
    %jmp/0xz  T_0.4, 8;
    %load/vec4 v000001d1e5ca6220_0;
    %assign/vec4 v000001d1e5ca6fe0_0, 0;
T_0.4 ;
    %jmp T_0;
    .thread T_0;
    .scope S_000001d1e5c40110;
T_1 ;
    %wait E_000001d1e5c3e9c0;
    %load/vec4 v000001d1e5ca6e00_0;
    %flag_set/vec4 8;
    %jmp/0xz  T_1.0, 8;
    %pushi/vec4 0, 0, 1;
    %assign/vec4 v000001d1e5ca65e0_0, 0;
    %jmp T_1.1;
T_1.0 ;
    %load/vec4 v000001d1e5ca64a0_0;
    %flag_set/vec4 8;
    %jmp/0xz  T_1.2, 8;
    %load/vec4 v000001d1e5ca60e0_0;
    %assign/vec4 v000001d1e5ca65e0_0, 0;
T_1.2 ;
T_1.1 ;
    %load/vec4 v000001d1e5ca60e0_0;
    %flag_set/vec4 9;
    %flag_get/vec4 9;
    %jmp/0 T_1.6, 9;
    %load/vec4 v000001d1e5ca64a0_0;
    %and;
T_1.6;
    %flag_set/vec4 8;
    %jmp/0xz  T_1.4, 8;
    %load/vec4 v000001d1e5ca6fe0_0;
    %assign/vec4 v000001d1e5ca69a0_0, 0;
T_1.4 ;
    %jmp T_1;
    .thread T_1;
    .scope S_000001d1e5c40110;
T_2 ;
    %wait E_000001d1e5c3e9c0;
    %load/vec4 v000001d1e5ca6e00_0;
    %flag_set/vec4 8;
    %jmp/0xz  T_2.0, 8;
    %pushi/vec4 0, 0, 1;
    %assign/vec4 v000001d1e5ca6860_0, 0;
    %jmp T_2.1;
T_2.0 ;
    %load/vec4 v000001d1e5ca6680_0;
    %flag_set/vec4 8;
    %jmp/0xz  T_2.2, 8;
    %load/vec4 v000001d1e5ca6180_0;
    %assign/vec4 v000001d1e5ca6860_0, 0;
T_2.2 ;
T_2.1 ;
    %load/vec4 v000001d1e5ca6180_0;
    %flag_set/vec4 9;
    %flag_get/vec4 9;
    %jmp/0 T_2.6, 9;
    %load/vec4 v000001d1e5ca6680_0;
    %and;
T_2.6;
    %flag_set/vec4 8;
    %jmp/0xz  T_2.4, 8;
    %load/vec4 v000001d1e5ca69a0_0;
    %assign/vec4 v000001d1e5ca67c0_0, 0;
T_2.4 ;
    %jmp T_2;
    .thread T_2;
    .scope S_000001d1e5c3e0d0;
T_3 ;
    %pushi/vec4 0, 0, 32;
    %store/vec4 v000001d1e5ca72d0_0, 0, 32;
    %end;
    .thread T_3;
    .scope S_000001d1e5c3e0d0;
T_4 ;
T_4.0 ;
    %delay 5000, 0;
    %load/vec4 v000001d1e5ca6d60_0;
    %inv;
    %store/vec4 v000001d1e5ca6d60_0, 0, 1;
    %jmp T_4.0;
    %load/vec4 v000001d1e5ca6d60_0;
    %pad/u 32;
    %cmpi/e 1, 0, 32;
    %jmp/0xz  T_4.1, 4;
    %load/vec4 v000001d1e5ca72d0_0;
    %addi 1, 0, 32;
    %store/vec4 v000001d1e5ca72d0_0, 0, 32;
T_4.1 ;
    %jmp T_4;
    .thread T_4;
    .scope S_000001d1e5c3e0d0;
T_5 ;
    %pushi/vec4 0, 0, 1;
    %store/vec4 v000001d1e5ca6d60_0, 0, 1;
    %pushi/vec4 1, 0, 1;
    %store/vec4 v000001d1e5ca8ef0_0, 0, 1;
    %pushi/vec4 0, 0, 1;
    %store/vec4 v000001d1e5ca8630_0, 0, 1;
    %pushi/vec4 0, 0, 100;
    %store/vec4 v000001d1e5ca7e10_0, 0, 100;
    %pushi/vec4 1, 0, 1;
    %store/vec4 v000001d1e5ca8450_0, 0, 1;
    %vpi_call 2 50 "$dumpfile", "sp.vcd" {0 0 0};
    %vpi_call 2 51 "$dumpvars", 32'sb00000000000000000000000000000000, S_000001d1e5c3e0d0 {0 0 0};
    %delay 10000, 0;
    %pushi/vec4 0, 0, 1;
    %store/vec4 v000001d1e5ca8ef0_0, 0, 1;
    %pushi/vec4 4294967295, 0, 32;
    %concati/vec4 4294967295, 0, 32;
    %concati/vec4 4294967295, 0, 32;
    %concati/vec4 15, 0, 4;
    %store/vec4 v000001d1e5ca7e10_0, 0, 100;
    %pushi/vec4 1, 0, 1;
    %store/vec4 v000001d1e5ca8630_0, 0, 1;
    %delay 10000, 0;
    %pushi/vec4 0, 0, 1;
    %store/vec4 v000001d1e5ca8630_0, 0, 1;
    %delay 40000, 0;
    %vpi_call 2 69 "$display", "Blocking output by setting out_allow = 0" {0 0 0};
    %pushi/vec4 3405691582, 0, 100;
    %store/vec4 v000001d1e5ca7e10_0, 0, 100;
    %pushi/vec4 1, 0, 1;
    %store/vec4 v000001d1e5ca8630_0, 0, 1;
    %delay 10000, 0;
    %pushi/vec4 0, 0, 1;
    %store/vec4 v000001d1e5ca8630_0, 0, 1;
    %pushi/vec4 0, 0, 1;
    %store/vec4 v000001d1e5ca8450_0, 0, 1;
    %delay 40000, 0;
    %vpi_call 2 80 "$display", "Resuming output by setting out_allow = 1" {0 0 0};
    %pushi/vec4 1, 0, 1;
    %store/vec4 v000001d1e5ca8450_0, 0, 1;
    %delay 40000, 0;
    %vpi_call 2 87 "$display", "Asserting reset..." {0 0 0};
    %pushi/vec4 1, 0, 1;
    %store/vec4 v000001d1e5ca8ef0_0, 0, 1;
    %delay 20000, 0;
    %pushi/vec4 0, 0, 1;
    %store/vec4 v000001d1e5ca8ef0_0, 0, 1;
    %delay 50000, 0;
    %vpi_call 2 92 "$finish" {0 0 0};
    %end;
    .thread T_5;
# The file index is used to find the file name in the following table.
:file_names 4;
    "N/A";
    "<interactive>";
    "tb_stallable_pipeline.v";
    "stallable_pipeline.v";
